{"/Users/tan/GITHUB/mcp-oracle-database/src/config.ts": {"path":"/Users/tan/GITHUB/mcp-oracle-database/src/config.ts","statementMap":{"0":{"start":{"line":4,"column":0},"end":{"line":4,"column":null}},"1":{"start":{"line":6,"column":28},"end":{"line":24,"column":2}},"2":{"start":{"line":28,"column":28},"end":{"line":28,"column":null}},"3":{"start":{"line":31,"column":2},"end":{"line":31,"column":null}},"4":{"start":{"line":31,"column":14},"end":{"line":31,"column":null}},"5":{"start":{"line":32,"column":17},"end":{"line":32,"column":48}},"6":{"start":{"line":33,"column":2},"end":{"line":33,"column":null}},"7":{"start":{"line":34,"column":2},"end":{"line":34,"column":null}}},"fnMap":{"0":{"name":"getConfig","decl":{"start":{"line":30,"column":16},"end":{"line":30,"column":36}},"loc":{"start":{"line":30,"column":36},"end":{"line":34,"column":null}},"line":30}},"branchMap":{"0":{"loc":{"start":{"line":31,"column":2},"end":{"line":31,"column":null}},"type":"if","locations":[{"start":{"line":31,"column":2},"end":{"line":31,"column":null}},{"start":{},"end":{}}],"line":31}},"s":{"0":1,"1":1,"2":1,"3":0,"4":0,"5":0,"6":0,"7":0},"f":{"0":0},"b":{"0":[0,0]},"meta":{"lastBranch":1,"lastFunction":1,"lastStatement":8,"seen":{"s:4:0:4:Infinity":0,"s:6:28:24:2":1,"s:28:28:28:Infinity":2,"f:30:16:30:36":0,"b:31:2:31:Infinity:undefined:undefined:undefined:undefined":0,"s:31:2:31:Infinity":3,"s:31:14:31:Infinity":4,"s:32:17:32:48":5,"s:33:2:33:Infinity":6,"s:34:2:34:Infinity":7}}}
,"/Users/tan/GITHUB/mcp-oracle-database/src/database/queryExecutor.ts": {"path":"/Users/tan/GITHUB/mcp-oracle-database/src/database/queryExecutor.ts","statementMap":{"0":{"start":{"line":7,"column":6},"end":{"line":7,"column":26}},"1":{"start":{"line":9,"column":27},"end":{"line":9,"column":null}},"2":{"start":{"line":12,"column":18},"end":{"line":12,"column":null}},"3":{"start":{"line":14,"column":2},"end":{"line":32,"column":null}},"4":{"start":{"line":15,"column":20},"end":{"line":15,"column":41}},"5":{"start":{"line":17,"column":4},"end":{"line":20,"column":null}},"6":{"start":{"line":18,"column":27},"end":{"line":18,"column":48}},"7":{"start":{"line":19,"column":6},"end":{"line":19,"column":null}},"8":{"start":{"line":20,"column":6},"end":{"line":20,"column":null}},"9":{"start":{"line":23,"column":4},"end":{"line":29,"column":null}},"10":{"start":{"line":24,"column":23},"end":{"line":24,"column":44}},"11":{"start":{"line":25,"column":6},"end":{"line":26,"column":null}},"12":{"start":{"line":26,"column":8},"end":{"line":26,"column":null}},"13":{"start":{"line":28,"column":6},"end":{"line":28,"column":null}},"14":{"start":{"line":29,"column":6},"end":{"line":29,"column":null}},"15":{"start":{"line":32,"column":4},"end":{"line":32,"column":null}},"16":{"start":{"line":37,"column":2},"end":{"line":38,"column":null}},"17":{"start":{"line":38,"column":4},"end":{"line":38,"column":null}},"18":{"start":{"line":41,"column":21},"end":{"line":41,"column":61}},"19":{"start":{"line":42,"column":2},"end":{"line":43,"column":null}},"20":{"start":{"line":43,"column":4},"end":{"line":43,"column":null}},"21":{"start":{"line":46,"column":2},"end":{"line":49,"column":null}},"22":{"start":{"line":47,"column":4},"end":{"line":49,"column":null}},"23":{"start":{"line":52,"column":2},"end":{"line":55,"column":null}},"24":{"start":{"line":53,"column":4},"end":{"line":55,"column":null}},"25":{"start":{"line":66,"column":18},"end":{"line":66,"column":null}},"26":{"start":{"line":67,"column":20},"end":{"line":67,"column":30}},"27":{"start":{"line":71,"column":2},"end":{"line":138,"column":null}},"28":{"start":{"line":73,"column":4},"end":{"line":74,"column":null}},"29":{"start":{"line":74,"column":6},"end":{"line":74,"column":null}},"30":{"start":{"line":78,"column":4},"end":{"line":78,"column":null}},"31":{"start":{"line":81,"column":4},"end":{"line":81,"column":null}},"32":{"start":{"line":84,"column":19},"end":{"line":88,"column":6}},"33":{"start":{"line":90,"column":26},"end":{"line":90,"column":null}},"34":{"start":{"line":93,"column":20},"end":{"line":93,"column":83}},"35":{"start":{"line":93,"column":68},"end":{"line":93,"column":77}},"36":{"start":{"line":95,"column":37},"end":{"line":100,"column":null}},"37":{"start":{"line":103,"column":4},"end":{"line":107,"column":null}},"38":{"start":{"line":109,"column":4},"end":{"line":113,"column":null}},"39":{"start":{"line":115,"column":4},"end":{"line":115,"column":null}},"40":{"start":{"line":117,"column":26},"end":{"line":117,"column":null}},"41":{"start":{"line":119,"column":4},"end":{"line":123,"column":null}},"42":{"start":{"line":125,"column":4},"end":{"line":129,"column":null}},"43":{"start":{"line":131,"column":4},"end":{"line":131,"column":null}},"44":{"start":{"line":134,"column":4},"end":{"line":138,"column":null}},"45":{"start":{"line":135,"column":6},"end":{"line":138,"column":null}},"46":{"start":{"line":136,"column":8},"end":{"line":136,"column":null}},"47":{"start":{"line":138,"column":8},"end":{"line":138,"column":null}},"48":{"start":{"line":150,"column":2},"end":{"line":164,"column":null}},"49":{"start":{"line":152,"column":4},"end":{"line":159,"column":null}},"50":{"start":{"line":164,"column":4},"end":{"line":164,"column":null}},"51":{"start":{"line":173,"column":2},"end":{"line":173,"column":null}}},"fnMap":{"0":{"name":"stripLeadingCommentsAndWhitespace","decl":{"start":{"line":11,"column":16},"end":{"line":11,"column":50}},"loc":{"start":{"line":11,"column":73},"end":{"line":32,"column":null}},"line":11},"1":{"name":"ensureReadOnlyQuery","decl":{"start":{"line":36,"column":16},"end":{"line":36,"column":36}},"loc":{"start":{"line":36,"column":57},"end":{"line":55,"column":null}},"line":36},"2":{"name":"executeQuery","decl":{"start":{"line":62,"column":22},"end":{"line":62,"column":null}},"loc":{"start":{"line":65,"column":24},"end":{"line":138,"column":null}},"line":65},"3":{"name":"(anonymous_3)","decl":{"start":{"line":93,"column":37},"end":{"line":93,"column":42}},"loc":{"start":{"line":93,"column":68},"end":{"line":93,"column":77}},"line":93},"4":{"name":"getSchema","decl":{"start":{"line":147,"column":22},"end":{"line":147,"column":32}},"loc":{"start":{"line":147,"column":66},"end":{"line":173,"column":null}},"line":147}},"branchMap":{"0":{"loc":{"start":{"line":17,"column":4},"end":{"line":20,"column":null}},"type":"if","locations":[{"start":{"line":17,"column":4},"end":{"line":20,"column":null}},{"start":{},"end":{}}],"line":17},"1":{"loc":{"start":{"line":19,"column":18},"end":{"line":19,"column":76}},"type":"cond-expr","locations":[{"start":{"line":19,"column":40},"end":{"line":19,"column":45}},{"start":{"line":19,"column":45},"end":{"line":19,"column":76}}],"line":19},"2":{"loc":{"start":{"line":23,"column":4},"end":{"line":29,"column":null}},"type":"if","locations":[{"start":{"line":23,"column":4},"end":{"line":29,"column":null}},{"start":{},"end":{}}],"line":23},"3":{"loc":{"start":{"line":25,"column":6},"end":{"line":26,"column":null}},"type":"if","locations":[{"start":{"line":25,"column":6},"end":{"line":26,"column":null}},{"start":{},"end":{}}],"line":25},"4":{"loc":{"start":{"line":37,"column":2},"end":{"line":38,"column":null}},"type":"if","locations":[{"start":{"line":37,"column":2},"end":{"line":38,"column":null}},{"start":{},"end":{}}],"line":37},"5":{"loc":{"start":{"line":42,"column":2},"end":{"line":43,"column":null}},"type":"if","locations":[{"start":{"line":42,"column":2},"end":{"line":43,"column":null}},{"start":{},"end":{}}],"line":42},"6":{"loc":{"start":{"line":46,"column":2},"end":{"line":49,"column":null}},"type":"if","locations":[{"start":{"line":46,"column":2},"end":{"line":49,"column":null}},{"start":{},"end":{}}],"line":46},"7":{"loc":{"start":{"line":52,"column":2},"end":{"line":55,"column":null}},"type":"if","locations":[{"start":{"line":52,"column":2},"end":{"line":55,"column":null}},{"start":{},"end":{}}],"line":52},"8":{"loc":{"start":{"line":64,"column":2},"end":{"line":64,"column":54}},"type":"default-arg","locations":[{"start":{"line":64,"column":52},"end":{"line":64,"column":54}}],"line":64},"9":{"loc":{"start":{"line":66,"column":18},"end":{"line":66,"column":null}},"type":"binary-expr","locations":[{"start":{"line":66,"column":18},"end":{"line":66,"column":37}},{"start":{"line":66,"column":37},"end":{"line":66,"column":null}}],"line":66},"10":{"loc":{"start":{"line":73,"column":4},"end":{"line":74,"column":null}},"type":"if","locations":[{"start":{"line":73,"column":4},"end":{"line":74,"column":null}},{"start":{},"end":{}}],"line":73},"11":{"loc":{"start":{"line":93,"column":20},"end":{"line":93,"column":83}},"type":"binary-expr","locations":[{"start":{"line":93,"column":20},"end":{"line":93,"column":77}},{"start":{"line":93,"column":81},"end":{"line":93,"column":83}}],"line":93},"12":{"loc":{"start":{"line":96,"column":13},"end":{"line":96,"column":56}},"type":"binary-expr","locations":[{"start":{"line":96,"column":13},"end":{"line":96,"column":54}},{"start":{"line":96,"column":54},"end":{"line":96,"column":56}}],"line":96},"13":{"loc":{"start":{"line":97,"column":16},"end":{"line":97,"column":null}},"type":"binary-expr","locations":[{"start":{"line":97,"column":16},"end":{"line":97,"column":39}},{"start":{"line":97,"column":39},"end":{"line":97,"column":null}}],"line":97},"14":{"loc":{"start":{"line":134,"column":4},"end":{"line":138,"column":null}},"type":"if","locations":[{"start":{"line":134,"column":4},"end":{"line":138,"column":null}},{"start":{},"end":{}}],"line":134},"15":{"loc":{"start":{"line":150,"column":2},"end":{"line":164,"column":null}},"type":"if","locations":[{"start":{"line":150,"column":2},"end":{"line":164,"column":null}},{"start":{"line":162,"column":9},"end":{"line":164,"column":null}}],"line":150}},"s":{"0":1,"1":1,"2":22,"3":22,"4":32,"5":32,"6":7,"7":7,"8":7,"9":25,"10":4,"11":4,"12":1,"13":3,"14":3,"15":21,"16":12,"17":0,"18":12,"19":12,"20":3,"21":9,"22":5,"23":4,"24":1,"25":0,"26":0,"27":0,"28":0,"29":0,"30":0,"31":0,"32":0,"33":0,"34":0,"35":0,"36":0,"37":0,"38":0,"39":0,"40":0,"41":0,"42":0,"43":0,"44":0,"45":0,"46":0,"47":0,"48":0,"49":0,"50":0,"51":0},"f":{"0":22,"1":12,"2":0,"3":0,"4":0},"b":{"0":[7,25],"1":[2,5],"2":[4,21],"3":[1,3],"4":[0,12],"5":[3,9],"6":[5,4],"7":[1,3],"8":[0],"9":[0,0],"10":[0,0],"11":[0,0],"12":[0,0],"13":[0,0],"14":[0,0],"15":[0,0]},"meta":{"lastBranch":16,"lastFunction":5,"lastStatement":52,"seen":{"s:7:6:7:26":0,"s:9:27:9:Infinity":1,"f:11:16:11:50":0,"s:12:18:12:Infinity":2,"s:14:2:32:Infinity":3,"s:15:20:15:41":4,"b:17:4:20:Infinity:undefined:undefined:undefined:undefined":0,"s:17:4:20:Infinity":5,"s:18:27:18:48":6,"s:19:6:19:Infinity":7,"b:19:40:19:45:19:45:19:76":1,"s:20:6:20:Infinity":8,"b:23:4:29:Infinity:undefined:undefined:undefined:undefined":2,"s:23:4:29:Infinity":9,"s:24:23:24:44":10,"b:25:6:26:Infinity:undefined:undefined:undefined:undefined":3,"s:25:6:26:Infinity":11,"s:26:8:26:Infinity":12,"s:28:6:28:Infinity":13,"s:29:6:29:Infinity":14,"s:32:4:32:Infinity":15,"f:36:16:36:36":1,"b:37:2:38:Infinity:undefined:undefined:undefined:undefined":4,"s:37:2:38:Infinity":16,"s:38:4:38:Infinity":17,"s:41:21:41:61":18,"b:42:2:43:Infinity:undefined:undefined:undefined:undefined":5,"s:42:2:43:Infinity":19,"s:43:4:43:Infinity":20,"b:46:2:49:Infinity:undefined:undefined:undefined:undefined":6,"s:46:2:49:Infinity":21,"s:47:4:49:Infinity":22,"b:52:2:55:Infinity:undefined:undefined:undefined:undefined":7,"s:52:2:55:Infinity":23,"s:53:4:55:Infinity":24,"f:62:22:62:Infinity":2,"b:64:52:64:54":8,"s:66:18:66:Infinity":25,"b:66:18:66:37:66:37:66:Infinity":9,"s:67:20:67:30":26,"s:71:2:138:Infinity":27,"b:73:4:74:Infinity:undefined:undefined:undefined:undefined":10,"s:73:4:74:Infinity":28,"s:74:6:74:Infinity":29,"s:78:4:78:Infinity":30,"s:81:4:81:Infinity":31,"s:84:19:88:6":32,"s:90:26:90:Infinity":33,"s:93:20:93:83":34,"b:93:20:93:77:93:81:93:83":11,"f:93:37:93:42":3,"s:93:68:93:77":35,"s:95:37:100:Infinity":36,"b:96:13:96:54:96:54:96:56":12,"b:97:16:97:39:97:39:97:Infinity":13,"s:103:4:107:Infinity":37,"s:109:4:113:Infinity":38,"s:115:4:115:Infinity":39,"s:117:26:117:Infinity":40,"s:119:4:123:Infinity":41,"s:125:4:129:Infinity":42,"s:131:4:131:Infinity":43,"b:134:4:138:Infinity:undefined:undefined:undefined:undefined":14,"s:134:4:138:Infinity":44,"s:135:6:138:Infinity":45,"s:136:8:136:Infinity":46,"s:138:8:138:Infinity":47,"f:147:22:147:32":4,"b:150:2:164:Infinity:162:9:164:Infinity":15,"s:150:2:164:Infinity":48,"s:152:4:159:Infinity":49,"s:164:4:164:Infinity":50,"s:173:2:173:Infinity":51}}}
,"/Users/tan/GITHUB/mcp-oracle-database/src/utils/responseFormatter.ts": {"path":"/Users/tan/GITHUB/mcp-oracle-database/src/utils/responseFormatter.ts","statementMap":{"0":{"start":{"line":4,"column":6},"end":{"line":4,"column":26}},"1":{"start":{"line":39,"column":2},"end":{"line":39,"column":null}},"2":{"start":{"line":43,"column":2},"end":{"line":44,"column":null}},"3":{"start":{"line":44,"column":4},"end":{"line":44,"column":null}},"4":{"start":{"line":47,"column":18},"end":{"line":47,"column":null}},"5":{"start":{"line":48,"column":2},"end":{"line":51,"column":null}},"6":{"start":{"line":55,"column":43},"end":{"line":55,"column":45}},"7":{"start":{"line":56,"column":23},"end":{"line":56,"column":null}},"8":{"start":{"line":58,"column":2},"end":{"line":68,"column":null}},"9":{"start":{"line":59,"column":4},"end":{"line":65,"column":null}},"10":{"start":{"line":60,"column":24},"end":{"line":60,"column":45}},"11":{"start":{"line":61,"column":6},"end":{"line":61,"column":null}},"12":{"start":{"line":62,"column":6},"end":{"line":63,"column":null}},"13":{"start":{"line":63,"column":8},"end":{"line":63,"column":null}},"14":{"start":{"line":65,"column":6},"end":{"line":65,"column":null}},"15":{"start":{"line":68,"column":4},"end":{"line":68,"column":null}},"16":{"start":{"line":71,"column":2},"end":{"line":71,"column":null}},"17":{"start":{"line":79,"column":23},"end":{"line":79,"column":null}},"18":{"start":{"line":80,"column":21},"end":{"line":80,"column":66}},"19":{"start":{"line":82,"column":30},"end":{"line":82,"column":null}},"20":{"start":{"line":83,"column":24},"end":{"line":88,"column":null}},"21":{"start":{"line":84,"column":4},"end":{"line":84,"column":null}},"22":{"start":{"line":84,"column":25},"end":{"line":84,"column":null}},"23":{"start":{"line":85,"column":45},"end":{"line":85,"column":69}},"24":{"start":{"line":86,"column":4},"end":{"line":86,"column":null}},"25":{"start":{"line":87,"column":4},"end":{"line":87,"column":null}},"26":{"start":{"line":90,"column":22},"end":{"line":90,"column":70}},"27":{"start":{"line":91,"column":37},"end":{"line":100,"column":null}},"28":{"start":{"line":102,"column":2},"end":{"line":114,"column":null}},"29":{"start":{"line":103,"column":4},"end":{"line":106,"column":null}},"30":{"start":{"line":108,"column":4},"end":{"line":114,"column":null}},"31":{"start":{"line":117,"column":2},"end":{"line":120,"column":null}},"32":{"start":{"line":128,"column":2},"end":{"line":129,"column":null}},"33":{"start":{"line":129,"column":4},"end":{"line":129,"column":null}},"34":{"start":{"line":132,"column":2},"end":{"line":133,"column":null}},"35":{"start":{"line":133,"column":4},"end":{"line":133,"column":null}},"36":{"start":{"line":136,"column":23},"end":{"line":136,"column":null}},"37":{"start":{"line":137,"column":21},"end":{"line":137,"column":81}},"38":{"start":{"line":139,"column":30},"end":{"line":139,"column":null}},"39":{"start":{"line":140,"column":24},"end":{"line":144,"column":null}},"40":{"start":{"line":141,"column":45},"end":{"line":141,"column":68}},"41":{"start":{"line":142,"column":4},"end":{"line":142,"column":null}},"42":{"start":{"line":143,"column":4},"end":{"line":143,"column":null}},"43":{"start":{"line":146,"column":35},"end":{"line":149,"column":null}},"44":{"start":{"line":151,"column":22},"end":{"line":151,"column":70}},"45":{"start":{"line":153,"column":37},"end":{"line":162,"column":null}},"46":{"start":{"line":164,"column":2},"end":{"line":192,"column":null}},"47":{"start":{"line":165,"column":4},"end":{"line":168,"column":null}},"48":{"start":{"line":170,"column":4},"end":{"line":184,"column":null}},"49":{"start":{"line":186,"column":4},"end":{"line":192,"column":null}},"50":{"start":{"line":195,"column":38},"end":{"line":200,"column":null}},"51":{"start":{"line":202,"column":2},"end":{"line":202,"column":null}},"52":{"start":{"line":206,"column":15},"end":{"line":206,"column":null}},"53":{"start":{"line":208,"column":35},"end":{"line":222,"column":null}},"54":{"start":{"line":224,"column":2},"end":{"line":237,"column":null}},"55":{"start":{"line":241,"column":38},"end":{"line":241,"column":null}},"56":{"start":{"line":242,"column":20},"end":{"line":242,"column":60}},"57":{"start":{"line":244,"column":13},"end":{"line":244,"column":47}},"58":{"start":{"line":245,"column":2},"end":{"line":246,"column":null}},"59":{"start":{"line":246,"column":4},"end":{"line":246,"column":null}},"60":{"start":{"line":250,"column":2},"end":{"line":277,"column":null}},"61":{"start":{"line":251,"column":16},"end":{"line":251,"column":null}},"62":{"start":{"line":252,"column":24},"end":{"line":252,"column":63}},"63":{"start":{"line":253,"column":29},"end":{"line":253,"column":null}},"64":{"start":{"line":255,"column":4},"end":{"line":263,"column":null}},"65":{"start":{"line":265,"column":42},"end":{"line":273,"column":null}},"66":{"start":{"line":275,"column":4},"end":{"line":275,"column":null}},"67":{"start":{"line":276,"column":4},"end":{"line":277,"column":null}},"68":{"start":{"line":277,"column":6},"end":{"line":277,"column":null}},"69":{"start":{"line":282,"column":2},"end":{"line":313,"column":null}},"70":{"start":{"line":283,"column":17},"end":{"line":283,"column":null}},"71":{"start":{"line":284,"column":24},"end":{"line":284,"column":64}},"72":{"start":{"line":285,"column":24},"end":{"line":285,"column":50}},"73":{"start":{"line":286,"column":29},"end":{"line":286,"column":null}},"74":{"start":{"line":288,"column":4},"end":{"line":296,"column":null}},"75":{"start":{"line":298,"column":42},"end":{"line":309,"column":null}},"76":{"start":{"line":311,"column":4},"end":{"line":311,"column":null}},"77":{"start":{"line":312,"column":4},"end":{"line":313,"column":null}},"78":{"start":{"line":313,"column":6},"end":{"line":313,"column":null}},"79":{"start":{"line":318,"column":25},"end":{"line":318,"column":null}},"80":{"start":{"line":320,"column":2},"end":{"line":330,"column":null}},"81":{"start":{"line":332,"column":21},"end":{"line":332,"column":105}},"82":{"start":{"line":333,"column":2},"end":{"line":333,"column":null}}},"fnMap":{"0":{"name":"isRecord","decl":{"start":{"line":38,"column":9},"end":{"line":38,"column":18}},"loc":{"start":{"line":38,"column":68},"end":{"line":39,"column":null}},"line":38},"1":{"name":"truncateString","decl":{"start":{"line":42,"column":9},"end":{"line":42,"column":24}},"loc":{"start":{"line":42,"column":78},"end":{"line":51,"column":null}},"line":42},"2":{"name":"truncateRowStrings","decl":{"start":{"line":54,"column":9},"end":{"line":54,"column":28}},"loc":{"start":{"line":54,"column":116},"end":{"line":71,"column":null}},"line":54},"3":{"name":"compactArrayData","decl":{"start":{"line":74,"column":9},"end":{"line":74,"column":null}},"loc":{"start":{"line":78,"column":59},"end":{"line":120,"column":null}},"line":78},"4":{"name":"(anonymous_4)","decl":{"start":{"line":83,"column":35},"end":{"line":83,"column":40}},"loc":{"start":{"line":83,"column":49},"end":{"line":88,"column":null}},"line":83},"5":{"name":"compactQueryData","decl":{"start":{"line":123,"column":9},"end":{"line":123,"column":null}},"loc":{"start":{"line":126,"column":66},"end":{"line":202,"column":null}},"line":126},"6":{"name":"(anonymous_6)","decl":{"start":{"line":140,"column":35},"end":{"line":140,"column":40}},"loc":{"start":{"line":140,"column":48},"end":{"line":144,"column":null}},"line":140},"7":{"name":"buildSummaryPayload","decl":{"start":{"line":205,"column":9},"end":{"line":205,"column":29}},"loc":{"start":{"line":205,"column":146},"end":{"line":237,"column":null}},"line":205},"8":{"name":"formatToolResponse","decl":{"start":{"line":240,"column":16},"end":{"line":240,"column":35}},"loc":{"start":{"line":240,"column":78},"end":{"line":333,"column":null}},"line":240}},"branchMap":{"0":{"loc":{"start":{"line":39,"column":9},"end":{"line":39,"column":77}},"type":"binary-expr","locations":[{"start":{"line":39,"column":9},"end":{"line":39,"column":38}},{"start":{"line":39,"column":38},"end":{"line":39,"column":56}},{"start":{"line":39,"column":56},"end":{"line":39,"column":77}}],"line":39},"1":{"loc":{"start":{"line":43,"column":2},"end":{"line":44,"column":null}},"type":"if","locations":[{"start":{"line":43,"column":2},"end":{"line":44,"column":null}},{"start":{},"end":{}}],"line":43},"2":{"loc":{"start":{"line":59,"column":4},"end":{"line":65,"column":null}},"type":"if","locations":[{"start":{"line":59,"column":4},"end":{"line":65,"column":null}},{"start":{},"end":{}}],"line":59},"3":{"loc":{"start":{"line":62,"column":6},"end":{"line":63,"column":null}},"type":"if","locations":[{"start":{"line":62,"column":6},"end":{"line":63,"column":null}},{"start":{},"end":{}}],"line":62},"4":{"loc":{"start":{"line":84,"column":4},"end":{"line":84,"column":null}},"type":"if","locations":[{"start":{"line":84,"column":4},"end":{"line":84,"column":null}},{"start":{},"end":{}}],"line":84},"5":{"loc":{"start":{"line":102,"column":2},"end":{"line":114,"column":null}},"type":"if","locations":[{"start":{"line":102,"column":2},"end":{"line":114,"column":null}},{"start":{},"end":{}}],"line":102},"6":{"loc":{"start":{"line":102,"column":6},"end":{"line":102,"column":52}},"type":"binary-expr","locations":[{"start":{"line":102,"column":6},"end":{"line":102,"column":25}},{"start":{"line":102,"column":25},"end":{"line":102,"column":52}}],"line":102},"7":{"loc":{"start":{"line":104,"column":6},"end":{"line":104,"column":null}},"type":"cond-expr","locations":[{"start":{"line":104,"column":24},"end":{"line":104,"column":127}},{"start":{"line":104,"column":127},"end":{"line":104,"column":null}}],"line":104},"8":{"loc":{"start":{"line":105,"column":6},"end":{"line":105,"column":null}},"type":"cond-expr","locations":[{"start":{"line":105,"column":34},"end":{"line":105,"column":151}},{"start":{"line":105,"column":151},"end":{"line":105,"column":null}}],"line":105},"9":{"loc":{"start":{"line":128,"column":2},"end":{"line":129,"column":null}},"type":"if","locations":[{"start":{"line":128,"column":2},"end":{"line":129,"column":null}},{"start":{},"end":{}}],"line":128},"10":{"loc":{"start":{"line":132,"column":2},"end":{"line":133,"column":null}},"type":"if","locations":[{"start":{"line":132,"column":2},"end":{"line":133,"column":null}},{"start":{},"end":{}}],"line":132},"11":{"loc":{"start":{"line":132,"column":6},"end":{"line":132,"column":68}},"type":"binary-expr","locations":[{"start":{"line":132,"column":6},"end":{"line":132,"column":30}},{"start":{"line":132,"column":34},"end":{"line":132,"column":68}}],"line":132},"12":{"loc":{"start":{"line":164,"column":2},"end":{"line":192,"column":null}},"type":"if","locations":[{"start":{"line":164,"column":2},"end":{"line":192,"column":null}},{"start":{},"end":{}}],"line":164},"13":{"loc":{"start":{"line":164,"column":6},"end":{"line":164,"column":52}},"type":"binary-expr","locations":[{"start":{"line":164,"column":6},"end":{"line":164,"column":25}},{"start":{"line":164,"column":25},"end":{"line":164,"column":52}}],"line":164},"14":{"loc":{"start":{"line":166,"column":6},"end":{"line":166,"column":null}},"type":"cond-expr","locations":[{"start":{"line":166,"column":24},"end":{"line":166,"column":126}},{"start":{"line":166,"column":126},"end":{"line":166,"column":null}}],"line":166},"15":{"loc":{"start":{"line":167,"column":6},"end":{"line":167,"column":null}},"type":"cond-expr","locations":[{"start":{"line":167,"column":34},"end":{"line":167,"column":151}},{"start":{"line":167,"column":151},"end":{"line":167,"column":null}}],"line":167},"16":{"loc":{"start":{"line":206,"column":15},"end":{"line":206,"column":null}},"type":"cond-expr","locations":[{"start":{"line":206,"column":41},"end":{"line":206,"column":57}},{"start":{"line":206,"column":57},"end":{"line":206,"column":null}}],"line":206},"17":{"loc":{"start":{"line":231,"column":16},"end":{"line":231,"column":null}},"type":"cond-expr","locations":[{"start":{"line":231,"column":53},"end":{"line":231,"column":69}},{"start":{"line":231,"column":69},"end":{"line":231,"column":null}}],"line":231},"18":{"loc":{"start":{"line":232,"column":19},"end":{"line":232,"column":null}},"type":"cond-expr","locations":[{"start":{"line":232,"column":50},"end":{"line":232,"column":72}},{"start":{"line":232,"column":72},"end":{"line":232,"column":null}}],"line":232},"19":{"loc":{"start":{"line":233,"column":21},"end":{"line":233,"column":null}},"type":"cond-expr","locations":[{"start":{"line":233,"column":63},"end":{"line":233,"column":84}},{"start":{"line":233,"column":84},"end":{"line":233,"column":null}}],"line":233},"20":{"loc":{"start":{"line":234,"column":15},"end":{"line":234,"column":null}},"type":"cond-expr","locations":[{"start":{"line":234,"column":46},"end":{"line":234,"column":61}},{"start":{"line":234,"column":61},"end":{"line":234,"column":null}}],"line":234},"21":{"loc":{"start":{"line":241,"column":38},"end":{"line":241,"column":null}},"type":"cond-expr","locations":[{"start":{"line":241,"column":57},"end":{"line":241,"column":70}},{"start":{"line":241,"column":73},"end":{"line":241,"column":null}}],"line":241},"22":{"loc":{"start":{"line":245,"column":2},"end":{"line":246,"column":null}},"type":"if","locations":[{"start":{"line":245,"column":2},"end":{"line":246,"column":null}},{"start":{},"end":{}}],"line":245},"23":{"loc":{"start":{"line":250,"column":2},"end":{"line":277,"column":null}},"type":"if","locations":[{"start":{"line":250,"column":2},"end":{"line":277,"column":null}},{"start":{},"end":{}}],"line":250},"24":{"loc":{"start":{"line":276,"column":4},"end":{"line":277,"column":null}},"type":"if","locations":[{"start":{"line":276,"column":4},"end":{"line":277,"column":null}},{"start":{},"end":{}}],"line":276},"25":{"loc":{"start":{"line":282,"column":2},"end":{"line":313,"column":null}},"type":"if","locations":[{"start":{"line":282,"column":2},"end":{"line":313,"column":null}},{"start":{},"end":{}}],"line":282},"26":{"loc":{"start":{"line":282,"column":6},"end":{"line":282,"column":86}},"type":"binary-expr","locations":[{"start":{"line":282,"column":6},"end":{"line":282,"column":39}},{"start":{"line":282,"column":43},"end":{"line":282,"column":86}}],"line":282},"27":{"loc":{"start":{"line":312,"column":4},"end":{"line":313,"column":null}},"type":"if","locations":[{"start":{"line":312,"column":4},"end":{"line":313,"column":null}},{"start":{},"end":{}}],"line":312}},"s":{"0":1,"1":24,"2":8,"3":7,"4":1,"5":1,"6":15,"7":15,"8":15,"9":17,"10":8,"11":8,"12":8,"13":1,"14":8,"15":9,"16":15,"17":1,"18":1,"19":1,"20":1,"21":3,"22":0,"23":3,"24":3,"25":3,"26":1,"27":1,"28":1,"29":1,"30":1,"31":1,"32":10,"33":1,"34":9,"35":1,"36":8,"37":8,"38":8,"39":8,"40":12,"41":12,"42":12,"43":8,"44":8,"45":8,"46":8,"47":3,"48":3,"49":3,"50":8,"51":8,"52":1,"53":1,"54":1,"55":10,"56":10,"57":10,"58":10,"59":9,"60":1,"61":0,"62":0,"63":0,"64":0,"65":0,"66":0,"67":0,"68":0,"69":1,"70":1,"71":1,"72":1,"73":1,"74":1,"75":1,"76":1,"77":1,"78":0,"79":1,"80":1,"81":1,"82":1},"f":{"0":24,"1":8,"2":15,"3":1,"4":3,"5":10,"6":12,"7":1,"8":10},"b":{"0":[24,22,22],"1":[7,1],"2":[8,9],"3":[1,7],"4":[0,3],"5":[1,0],"6":[1,0],"7":[1,0],"8":[0,1],"9":[1,9],"10":[1,8],"11":[9,8],"12":[3,5],"13":[8,6],"14":[2,1],"15":[1,2],"16":[1,0],"17":[1,0],"18":[1,0],"19":[0,1],"20":[1,0],"21":[9,1],"22":[9,1],"23":[0,1],"24":[0,0],"25":[1,0],"26":[1,1],"27":[0,1]},"meta":{"lastBranch":28,"lastFunction":9,"lastStatement":83,"seen":{"s:4:6:4:26":0,"f:38:9:38:18":0,"s:39:2:39:Infinity":1,"b:39:9:39:38:39:38:39:56:39:56:39:77":0,"f:42:9:42:24":1,"b:43:2:44:Infinity:undefined:undefined:undefined:undefined":1,"s:43:2:44:Infinity":2,"s:44:4:44:Infinity":3,"s:47:18:47:Infinity":4,"s:48:2:51:Infinity":5,"f:54:9:54:28":2,"s:55:43:55:45":6,"s:56:23:56:Infinity":7,"s:58:2:68:Infinity":8,"b:59:4:65:Infinity:undefined:undefined:undefined:undefined":2,"s:59:4:65:Infinity":9,"s:60:24:60:45":10,"s:61:6:61:Infinity":11,"b:62:6:63:Infinity:undefined:undefined:undefined:undefined":3,"s:62:6:63:Infinity":12,"s:63:8:63:Infinity":13,"s:65:6:65:Infinity":14,"s:68:4:68:Infinity":15,"s:71:2:71:Infinity":16,"f:74:9:74:Infinity":3,"s:79:23:79:Infinity":17,"s:80:21:80:66":18,"s:82:30:82:Infinity":19,"s:83:24:88:Infinity":20,"f:83:35:83:40":4,"b:84:4:84:Infinity:undefined:undefined:undefined:undefined":4,"s:84:4:84:Infinity":21,"s:84:25:84:Infinity":22,"s:85:45:85:69":23,"s:86:4:86:Infinity":24,"s:87:4:87:Infinity":25,"s:90:22:90:70":26,"s:91:37:100:Infinity":27,"b:102:2:114:Infinity:undefined:undefined:undefined:undefined":5,"s:102:2:114:Infinity":28,"b:102:6:102:25:102:25:102:52":6,"s:103:4:106:Infinity":29,"b:104:24:104:127:104:127:104:Infinity":7,"b:105:34:105:151:105:151:105:Infinity":8,"s:108:4:114:Infinity":30,"s:117:2:120:Infinity":31,"f:123:9:123:Infinity":5,"b:128:2:129:Infinity:undefined:undefined:undefined:undefined":9,"s:128:2:129:Infinity":32,"s:129:4:129:Infinity":33,"b:132:2:133:Infinity:undefined:undefined:undefined:undefined":10,"s:132:2:133:Infinity":34,"b:132:6:132:30:132:34:132:68":11,"s:133:4:133:Infinity":35,"s:136:23:136:Infinity":36,"s:137:21:137:81":37,"s:139:30:139:Infinity":38,"s:140:24:144:Infinity":39,"f:140:35:140:40":6,"s:141:45:141:68":40,"s:142:4:142:Infinity":41,"s:143:4:143:Infinity":42,"s:146:35:149:Infinity":43,"s:151:22:151:70":44,"s:153:37:162:Infinity":45,"b:164:2:192:Infinity:undefined:undefined:undefined:undefined":12,"s:164:2:192:Infinity":46,"b:164:6:164:25:164:25:164:52":13,"s:165:4:168:Infinity":47,"b:166:24:166:126:166:126:166:Infinity":14,"b:167:34:167:151:167:151:167:Infinity":15,"s:170:4:184:Infinity":48,"s:186:4:192:Infinity":49,"s:195:38:200:Infinity":50,"s:202:2:202:Infinity":51,"f:205:9:205:29":7,"s:206:15:206:Infinity":52,"b:206:41:206:57:206:57:206:Infinity":16,"s:208:35:222:Infinity":53,"s:224:2:237:Infinity":54,"b:231:53:231:69:231:69:231:Infinity":17,"b:232:50:232:72:232:72:232:Infinity":18,"b:233:63:233:84:233:84:233:Infinity":19,"b:234:46:234:61:234:61:234:Infinity":20,"f:240:16:240:35":8,"s:241:38:241:Infinity":55,"b:241:57:241:70:241:73:241:Infinity":21,"s:242:20:242:60":56,"s:244:13:244:47":57,"b:245:2:246:Infinity:undefined:undefined:undefined:undefined":22,"s:245:2:246:Infinity":58,"s:246:4:246:Infinity":59,"b:250:2:277:Infinity:undefined:undefined:undefined:undefined":23,"s:250:2:277:Infinity":60,"s:251:16:251:Infinity":61,"s:252:24:252:63":62,"s:253:29:253:Infinity":63,"s:255:4:263:Infinity":64,"s:265:42:273:Infinity":65,"s:275:4:275:Infinity":66,"b:276:4:277:Infinity:undefined:undefined:undefined:undefined":24,"s:276:4:277:Infinity":67,"s:277:6:277:Infinity":68,"b:282:2:313:Infinity:undefined:undefined:undefined:undefined":25,"s:282:2:313:Infinity":69,"b:282:6:282:39:282:43:282:86":26,"s:283:17:283:Infinity":70,"s:284:24:284:64":71,"s:285:24:285:50":72,"s:286:29:286:Infinity":73,"s:288:4:296:Infinity":74,"s:298:42:309:Infinity":75,"s:311:4:311:Infinity":76,"b:312:4:313:Infinity:undefined:undefined:undefined:undefined":27,"s:312:4:313:Infinity":77,"s:313:6:313:Infinity":78,"s:318:25:318:Infinity":79,"s:320:2:330:Infinity":80,"s:332:21:332:105":81,"s:333:2:333:Infinity":82}}}
}
